Using pre-set license
Built from '2020.3/staging' branch; Version is '2020.3.11f1 (99c7afb366b3) revision 10078127'; Using compiler version '192528614'; Build Type 'Release'
OS: 'Windows 10 Home; OS build 19044.1706; Version 2009; 64bit' Language: 'pl' Physical Memory: 24517 MB
BatchMode: 1, IsHumanControllingUs: 0, StartBugReporterOnCrash: 0, Is64bit: 1, IsPro: 0

 COMMAND LINE ARGUMENTS:
A:\Programy\UnityEditor\2020.3.11f1\Editor\Unity.exe
-adb2
-batchMode
-noUpm
-name
AssetImportWorker0
-projectPath
B:/Projekty/Applying_EANNs_PSI/UnityProject
-logFile
Logs/AssetImportWorker0.log
-srvPort
57543
Successfully changed project path to: B:/Projekty/Applying_EANNs_PSI/UnityProject
B:/Projekty/Applying_EANNs_PSI/UnityProject
Using Asset Import Pipeline V2.
Refreshing native plugins compatible for Editor in 66.78 ms, found 3 plugins.
Preloading 0 native plugins for Editor in 0.00 ms.
Initialize engine version: 2020.3.11f1 (99c7afb366b3)
[Subsystems] Discovering subsystems at path A:/Programy/UnityEditor/2020.3.11f1/Editor/Data/Resources/UnitySubsystems
[Subsystems] Discovering subsystems at path B:/Projekty/Applying_EANNs_PSI/UnityProject/Assets
GfxDevice: creating device client; threaded=0
Direct3D:
    Version:  Direct3D 11.0 [level 11.1]
    Renderer: NVIDIA GeForce GTX 1060 6GB (ID=0x1b83)
    Vendor:   
    VRAM:     6052 MB
    Driver:   31.0.15.1601
Initialize mono
Mono path[0] = 'A:/Programy/UnityEditor/2020.3.11f1/Editor/Data/Managed'
Mono path[1] = 'A:/Programy/UnityEditor/2020.3.11f1/Editor/Data/MonoBleedingEdge/lib/mono/unityjit'
Mono config path = 'A:/Programy/UnityEditor/2020.3.11f1/Editor/Data/MonoBleedingEdge/etc'
Using monoOptions --debugger-agent=transport=dt_socket,embedding=1,server=y,suspend=n,address=127.0.0.1:56060
Begin MonoManager ReloadAssembly
Registering precompiled unity dll's ...
Register platform support module: A:/Programy/UnityEditor/2020.3.11f1/Editor/Data/PlaybackEngines/WindowsStandaloneSupport/UnityEditor.WindowsStandalone.Extensions.dll
Registered in 0.001093 seconds.
Native extension for WindowsStandalone target not found
Refreshing native plugins compatible for Editor in 67.29 ms, found 3 plugins.
Preloading 0 native plugins for Editor in 0.00 ms.
Mono: successfully reloaded assembly
- Completed reload, in  0.900 seconds
Platform modules already initialized, skipping
Registering precompiled user dll's ...
Registered in 0.003755 seconds.
Begin MonoManager ReloadAssembly
Symbol file LoadedFromMemory doesn't match image B:\Projekty\Applying_EANNs_PSI\UnityProject\Library\PackageCache\com.unity.visualscripting@1.7.6\Editor\VisualScripting.Core\Dependencies\YamlDotNet\Unity.VisualScripting.YamlDotNet.dll
Symbol file LoadedFromMemory doesn't match image B:\Projekty\Applying_EANNs_PSI\UnityProject\Library\PackageCache\com.unity.collab-proxy@1.15.15\Lib\Editor\PlasticSCM\unityplastic.dll
Symbol file LoadedFromMemory doesn't match image B:\Projekty\Applying_EANNs_PSI\UnityProject\Library\PackageCache\com.unity.visualscripting@1.7.6\Editor\VisualScripting.Core\Dependencies\DotNetZip\Unity.VisualScripting.IonicZip.dll
Native extension for WindowsStandalone target not found
Refreshing native plugins compatible for Editor in 0.67 ms, found 3 plugins.
Preloading 0 native plugins for Editor in 0.00 ms.
Mono: successfully reloaded assembly
- Completed reload, in  1.057 seconds
Platform modules already initialized, skipping
========================================================================
Worker process is ready to serve import requests
Launched and connected shader compiler UnityShaderCompiler.exe after 0.04 seconds
Refreshing native plugins compatible for Editor in 0.49 ms, found 3 plugins.
Preloading 0 native plugins for Editor in 0.00 ms.
Unloading 3136 Unused Serialized files (Serialized files now loaded: 0)
System memory in use before: 109.1 MB.
System memory in use after: 109.3 MB.

Unloading 20 unused Assets to reduce memory usage. Loaded Objects now: 3569.
Total: 2.784400 ms (FindLiveObjects: 0.356500 ms CreateObjectMapping: 0.190200 ms MarkObjects: 2.160100 ms  DeleteObjects: 0.076000 ms)

========================================================================
Received Import Request.
  path: Assets/Scripts/Genetic/GeneticManager.cs
  artifactKey: Guid(711d881d813419748b38e0f0ccc8a64e) Importer(815301076,1909f56bfc062723c751e8b465ee728b)
Start importing Assets/Scripts/Genetic/GeneticManager.cs using Guid(711d881d813419748b38e0f0ccc8a64e) Importer(815301076,1909f56bfc062723c751e8b465ee728b)  -> (artifact id: '0cbf68e6b0ba619c43cd7ee5bf5d1729') in 0.039211 seconds
  Import took 0.043743 seconds .

========================================================================
Received Prepare
Refreshing native plugins compatible for Editor in 4.99 ms, found 3 plugins.
Preloading 0 native plugins for Editor in 0.00 ms.
Unloading 13 Unused Serialized files (Serialized files now loaded: 0)
System memory in use before: 47.3 MB.
System memory in use after: 47.5 MB.

Unloading 13 unused Assets to reduce memory usage. Loaded Objects now: 3569.
Total: 4.573300 ms (FindLiveObjects: 0.772100 ms CreateObjectMapping: 0.544000 ms MarkObjects: 3.230300 ms  DeleteObjects: 0.025600 ms)

========================================================================
Received Import Request.
  Time since last request: 45.044078 seconds.
  path: Assets/Scripts/Genetic/GeneticManager.cs
  artifactKey: Guid(711d881d813419748b38e0f0ccc8a64e) Importer(815301076,1909f56bfc062723c751e8b465ee728b)
Start importing Assets/Scripts/Genetic/GeneticManager.cs using Guid(711d881d813419748b38e0f0ccc8a64e) Importer(815301076,1909f56bfc062723c751e8b465ee728b)  -> (artifact id: 'fa80beda133974f5716166620dad5b77') in 0.003166 seconds
  Import took 0.010665 seconds .

========================================================================
Received Prepare
Registering precompiled user dll's ...
Registered in 0.003804 seconds.
Begin MonoManager ReloadAssembly
Symbol file LoadedFromMemory doesn't match image B:\Projekty\Applying_EANNs_PSI\UnityProject\Library\PackageCache\com.unity.visualscripting@1.7.6\Editor\VisualScripting.Core\Dependencies\YamlDotNet\Unity.VisualScripting.YamlDotNet.dll
Symbol file LoadedFromMemory doesn't match image B:\Projekty\Applying_EANNs_PSI\UnityProject\Library\PackageCache\com.unity.collab-proxy@1.15.15\Lib\Editor\PlasticSCM\unityplastic.dll
Symbol file LoadedFromMemory doesn't match image B:\Projekty\Applying_EANNs_PSI\UnityProject\Library\PackageCache\com.unity.visualscripting@1.7.6\Editor\VisualScripting.Core\Dependencies\DotNetZip\Unity.VisualScripting.IonicZip.dll
Native extension for WindowsStandalone target not found
Refreshing native plugins compatible for Editor in 0.49 ms, found 3 plugins.
Preloading 0 native plugins for Editor in 0.00 ms.
Mono: successfully reloaded assembly
- Completed reload, in  0.877 seconds
Platform modules already initialized, skipping
Refreshing native plugins compatible for Editor in 0.49 ms, found 3 plugins.
Preloading 0 native plugins for Editor in 0.00 ms.
Unloading 3130 Unused Serialized files (Serialized files now loaded: 0)
System memory in use before: 108.8 MB.
System memory in use after: 109.1 MB.

Unloading 15 unused Assets to reduce memory usage. Loaded Objects now: 3572.
Total: 2.223500 ms (FindLiveObjects: 0.315800 ms CreateObjectMapping: 0.117300 ms MarkObjects: 1.769600 ms  DeleteObjects: 0.019900 ms)

AssetImportWorkerClient::OnTransportError - code=2 error=End of file
